DEBUG - 2025-06-19 00:03:18 --> Session: Class initialized using 'CodeIgniter\Session\Handlers\FileHandler' driver.
DEBUG - 2025-06-19 00:03:20 --> Session: Class initialized using 'CodeIgniter\Session\Handlers\FileHandler' driver.
DEBUG - 2025-06-19 00:03:22 --> Session: Class initialized using 'CodeIgniter\Session\Handlers\FileHandler' driver.
DEBUG - 2025-06-19 00:03:55 --> Session: Class initialized using 'CodeIgniter\Session\Handlers\FileHandler' driver.
DEBUG - 2025-06-19 00:04:03 --> Session: Class initialized using 'CodeIgniter\Session\Handlers\FileHandler' driver.
DEBUG - 2025-06-19 00:04:10 --> Session: Class initialized using 'CodeIgniter\Session\Handlers\FileHandler' driver.
DEBUG - 2025-06-19 00:04:10 --> Session: Class initialized using 'CodeIgniter\Session\Handlers\FileHandler' driver.
DEBUG - 2025-06-19 00:05:28 --> Session: Class initialized using 'CodeIgniter\Session\Handlers\FileHandler' driver.
DEBUG - 2025-06-19 00:05:28 --> Session: Class initialized using 'CodeIgniter\Session\Handlers\FileHandler' driver.
DEBUG - 2025-06-19 00:05:34 --> Session: Class initialized using 'CodeIgniter\Session\Handlers\FileHandler' driver.
DEBUG - 2025-06-19 00:05:37 --> Session: Class initialized using 'CodeIgniter\Session\Handlers\FileHandler' driver.
DEBUG - 2025-06-19 00:05:46 --> Session: Class initialized using 'CodeIgniter\Session\Handlers\FileHandler' driver.
DEBUG - 2025-06-19 00:05:49 --> Session: Class initialized using 'CodeIgniter\Session\Handlers\FileHandler' driver.
DEBUG - 2025-06-19 00:05:56 --> Session: Class initialized using 'CodeIgniter\Session\Handlers\FileHandler' driver.
DEBUG - 2025-06-19 00:05:56 --> Session: Class initialized using 'CodeIgniter\Session\Handlers\FileHandler' driver.
DEBUG - 2025-06-19 00:06:08 --> Session: Class initialized using 'CodeIgniter\Session\Handlers\FileHandler' driver.
DEBUG - 2025-06-19 00:06:08 --> Session: Class initialized using 'CodeIgniter\Session\Handlers\FileHandler' driver.
DEBUG - 2025-06-19 00:08:39 --> Session: Class initialized using 'CodeIgniter\Session\Handlers\FileHandler' driver.
DEBUG - 2025-06-19 00:08:41 --> Session: Class initialized using 'CodeIgniter\Session\Handlers\FileHandler' driver.
DEBUG - 2025-06-19 00:11:27 --> Session: Class initialized using 'CodeIgniter\Session\Handlers\FileHandler' driver.
DEBUG - 2025-06-19 00:11:28 --> Session: Class initialized using 'CodeIgniter\Session\Handlers\FileHandler' driver.
DEBUG - 2025-06-19 00:11:29 --> Session: Class initialized using 'CodeIgniter\Session\Handlers\FileHandler' driver.
DEBUG - 2025-06-19 00:11:31 --> Session: Class initialized using 'CodeIgniter\Session\Handlers\FileHandler' driver.
DEBUG - 2025-06-19 00:11:32 --> Session: Class initialized using 'CodeIgniter\Session\Handlers\FileHandler' driver.
DEBUG - 2025-06-19 00:11:34 --> Session: Class initialized using 'CodeIgniter\Session\Handlers\FileHandler' driver.
DEBUG - 2025-06-19 00:11:38 --> Session: Class initialized using 'CodeIgniter\Session\Handlers\FileHandler' driver.
DEBUG - 2025-06-19 00:11:43 --> Session: Class initialized using 'CodeIgniter\Session\Handlers\FileHandler' driver.
DEBUG - 2025-06-19 00:11:45 --> Session: Class initialized using 'CodeIgniter\Session\Handlers\FileHandler' driver.
DEBUG - 2025-06-19 00:11:54 --> Session: Class initialized using 'CodeIgniter\Session\Handlers\FileHandler' driver.
DEBUG - 2025-06-19 00:11:56 --> Session: Class initialized using 'CodeIgniter\Session\Handlers\FileHandler' driver.
DEBUG - 2025-06-19 00:11:56 --> Session: Class initialized using 'CodeIgniter\Session\Handlers\FileHandler' driver.
DEBUG - 2025-06-19 00:12:05 --> Session: Class initialized using 'CodeIgniter\Session\Handlers\FileHandler' driver.
DEBUG - 2025-06-19 00:12:05 --> Session: Class initialized using 'CodeIgniter\Session\Handlers\FileHandler' driver.
DEBUG - 2025-06-19 00:14:31 --> Session: Class initialized using 'CodeIgniter\Session\Handlers\FileHandler' driver.
DEBUG - 2025-06-19 00:18:50 --> Session: Class initialized using 'CodeIgniter\Session\Handlers\FileHandler' driver.
DEBUG - 2025-06-19 00:19:01 --> Session: Class initialized using 'CodeIgniter\Session\Handlers\FileHandler' driver.
DEBUG - 2025-06-19 00:19:02 --> Session: Class initialized using 'CodeIgniter\Session\Handlers\FileHandler' driver.
DEBUG - 2025-06-19 00:19:12 --> Session: Class initialized using 'CodeIgniter\Session\Handlers\FileHandler' driver.
DEBUG - 2025-06-19 00:19:12 --> Session: Class initialized using 'CodeIgniter\Session\Handlers\FileHandler' driver.
DEBUG - 2025-06-19 00:19:23 --> Session: Class initialized using 'CodeIgniter\Session\Handlers\FileHandler' driver.
DEBUG - 2025-06-19 00:19:30 --> Session: Class initialized using 'CodeIgniter\Session\Handlers\FileHandler' driver.
DEBUG - 2025-06-19 00:19:30 --> Session: Class initialized using 'CodeIgniter\Session\Handlers\FileHandler' driver.
DEBUG - 2025-06-19 00:19:48 --> Session: Class initialized using 'CodeIgniter\Session\Handlers\FileHandler' driver.
DEBUG - 2025-06-19 00:20:26 --> Session: Class initialized using 'CodeIgniter\Session\Handlers\FileHandler' driver.
DEBUG - 2025-06-19 00:20:26 --> Session: Class initialized using 'CodeIgniter\Session\Handlers\FileHandler' driver.
DEBUG - 2025-06-19 00:20:33 --> Session: Class initialized using 'CodeIgniter\Session\Handlers\FileHandler' driver.
DEBUG - 2025-06-19 00:20:35 --> Session: Class initialized using 'CodeIgniter\Session\Handlers\FileHandler' driver.
DEBUG - 2025-06-19 00:20:37 --> Session: Class initialized using 'CodeIgniter\Session\Handlers\FileHandler' driver.
DEBUG - 2025-06-19 00:20:38 --> Session: Class initialized using 'CodeIgniter\Session\Handlers\FileHandler' driver.
DEBUG - 2025-06-19 00:20:44 --> Session: Class initialized using 'CodeIgniter\Session\Handlers\FileHandler' driver.
DEBUG - 2025-06-19 00:21:20 --> Session: Class initialized using 'CodeIgniter\Session\Handlers\FileHandler' driver.
DEBUG - 2025-06-19 00:21:21 --> Session: Class initialized using 'CodeIgniter\Session\Handlers\FileHandler' driver.
DEBUG - 2025-06-19 00:34:27 --> Session: Class initialized using 'CodeIgniter\Session\Handlers\FileHandler' driver.
DEBUG - 2025-06-19 00:34:29 --> Session: Class initialized using 'CodeIgniter\Session\Handlers\FileHandler' driver.
DEBUG - 2025-06-19 00:34:29 --> Session: Class initialized using 'CodeIgniter\Session\Handlers\FileHandler' driver.
DEBUG - 2025-06-19 00:34:31 --> Session: Class initialized using 'CodeIgniter\Session\Handlers\FileHandler' driver.
DEBUG - 2025-06-19 00:35:03 --> Session: Class initialized using 'CodeIgniter\Session\Handlers\FileHandler' driver.
DEBUG - 2025-06-19 00:35:03 --> Session: Class initialized using 'CodeIgniter\Session\Handlers\FileHandler' driver.
DEBUG - 2025-06-19 00:35:13 --> Session: Class initialized using 'CodeIgniter\Session\Handlers\FileHandler' driver.
DEBUG - 2025-06-19 00:48:02 --> Session: Class initialized using 'CodeIgniter\Session\Handlers\FileHandler' driver.
DEBUG - 2025-06-19 00:48:05 --> Session: Class initialized using 'CodeIgniter\Session\Handlers\FileHandler' driver.
DEBUG - 2025-06-19 00:49:46 --> Session: Class initialized using 'CodeIgniter\Session\Handlers\FileHandler' driver.
DEBUG - 2025-06-19 00:49:51 --> Session: Class initialized using 'CodeIgniter\Session\Handlers\FileHandler' driver.
DEBUG - 2025-06-19 00:49:53 --> Session: Class initialized using 'CodeIgniter\Session\Handlers\FileHandler' driver.
DEBUG - 2025-06-19 00:49:57 --> Session: Class initialized using 'CodeIgniter\Session\Handlers\FileHandler' driver.
DEBUG - 2025-06-19 00:49:59 --> Session: Class initialized using 'CodeIgniter\Session\Handlers\FileHandler' driver.
DEBUG - 2025-06-19 00:50:01 --> Session: Class initialized using 'CodeIgniter\Session\Handlers\FileHandler' driver.
DEBUG - 2025-06-19 00:55:32 --> Session: Class initialized using 'CodeIgniter\Session\Handlers\FileHandler' driver.
DEBUG - 2025-06-19 00:55:35 --> Session: Class initialized using 'CodeIgniter\Session\Handlers\FileHandler' driver.
DEBUG - 2025-06-19 00:55:36 --> Session: Class initialized using 'CodeIgniter\Session\Handlers\FileHandler' driver.
DEBUG - 2025-06-19 00:55:36 --> Session: Class initialized using 'CodeIgniter\Session\Handlers\FileHandler' driver.
DEBUG - 2025-06-19 00:55:37 --> Session: Class initialized using 'CodeIgniter\Session\Handlers\FileHandler' driver.
DEBUG - 2025-06-19 00:55:38 --> Session: Class initialized using 'CodeIgniter\Session\Handlers\FileHandler' driver.
DEBUG - 2025-06-19 00:55:39 --> Session: Class initialized using 'CodeIgniter\Session\Handlers\FileHandler' driver.
DEBUG - 2025-06-19 00:55:40 --> Session: Class initialized using 'CodeIgniter\Session\Handlers\FileHandler' driver.
DEBUG - 2025-06-19 00:56:17 --> Session: Class initialized using 'CodeIgniter\Session\Handlers\FileHandler' driver.
DEBUG - 2025-06-19 00:56:18 --> Session: Class initialized using 'CodeIgniter\Session\Handlers\FileHandler' driver.
DEBUG - 2025-06-19 00:56:18 --> Session: Class initialized using 'CodeIgniter\Session\Handlers\FileHandler' driver.
DEBUG - 2025-06-19 00:56:19 --> Session: Class initialized using 'CodeIgniter\Session\Handlers\FileHandler' driver.
DEBUG - 2025-06-19 01:02:06 --> Session: Class initialized using 'CodeIgniter\Session\Handlers\FileHandler' driver.
DEBUG - 2025-06-19 01:09:31 --> Session: Class initialized using 'CodeIgniter\Session\Handlers\FileHandler' driver.
DEBUG - 2025-06-19 01:09:32 --> Session: Class initialized using 'CodeIgniter\Session\Handlers\FileHandler' driver.
DEBUG - 2025-06-19 01:09:33 --> Session: Class initialized using 'CodeIgniter\Session\Handlers\FileHandler' driver.
DEBUG - 2025-06-19 01:09:36 --> Session: Class initialized using 'CodeIgniter\Session\Handlers\FileHandler' driver.
DEBUG - 2025-06-19 01:09:41 --> Session: Class initialized using 'CodeIgniter\Session\Handlers\FileHandler' driver.
DEBUG - 2025-06-19 01:09:43 --> Session: Class initialized using 'CodeIgniter\Session\Handlers\FileHandler' driver.
DEBUG - 2025-06-19 01:09:52 --> Session: Class initialized using 'CodeIgniter\Session\Handlers\FileHandler' driver.
DEBUG - 2025-06-19 01:09:52 --> Session: Class initialized using 'CodeIgniter\Session\Handlers\FileHandler' driver.
ERROR - 2025-06-19 01:09:52 --> mysqli_sql_exception: Unknown column 'respuesta' in 'where clause' in C:\xampp\htdocs\RomeroFrancisco\system\Database\MySQLi\Connection.php:327
Stack trace:
#0 C:\xampp\htdocs\RomeroFrancisco\system\Database\MySQLi\Connection.php(327): mysqli->query('SELECT COUNT(*)...', 0)
#1 C:\xampp\htdocs\RomeroFrancisco\system\Database\BaseConnection.php(738): CodeIgniter\Database\MySQLi\Connection->execute('SELECT COUNT(*)...')
#2 C:\xampp\htdocs\RomeroFrancisco\system\Database\BaseConnection.php(652): CodeIgniter\Database\BaseConnection->simpleQuery('SELECT COUNT(*)...')
#3 C:\xampp\htdocs\RomeroFrancisco\system\Database\BaseBuilder.php(1733): CodeIgniter\Database\BaseConnection->query('SELECT COUNT(*)...', Array, false)
#4 C:\xampp\htdocs\RomeroFrancisco\app\Views\components\header.php(44): CodeIgniter\Database\BaseBuilder->countAllResults()
#5 C:\xampp\htdocs\RomeroFrancisco\system\View\View.php(224): include('C:\\xampp\\htdocs...')
#6 C:\xampp\htdocs\RomeroFrancisco\system\View\View.php(227): CodeIgniter\View\View->CodeIgniter\View\{closure}()
#7 C:\xampp\htdocs\RomeroFrancisco\system\Common.php(1173): CodeIgniter\View\View->render('components/head...', Array, true)
#8 C:\xampp\htdocs\RomeroFrancisco\app\Views\templates\layout.php(23): view('components/head...')
#9 C:\xampp\htdocs\RomeroFrancisco\system\View\View.php(224): include('C:\\xampp\\htdocs...')
#10 C:\xampp\htdocs\RomeroFrancisco\system\View\View.php(227): CodeIgniter\View\View->CodeIgniter\View\{closure}()
#11 C:\xampp\htdocs\RomeroFrancisco\system\Common.php(1173): CodeIgniter\View\View->render('templates/layou...', Array, true)
#12 C:\xampp\htdocs\RomeroFrancisco\app\Controllers\Home.php(9): view('templates/layou...', Array)
#13 C:\xampp\htdocs\RomeroFrancisco\system\CodeIgniter.php(933): App\Controllers\Home->index()
#14 C:\xampp\htdocs\RomeroFrancisco\system\CodeIgniter.php(507): CodeIgniter\CodeIgniter->runController(Object(App\Controllers\Home))
#15 C:\xampp\htdocs\RomeroFrancisco\system\CodeIgniter.php(354): CodeIgniter\CodeIgniter->handleRequest(NULL, Object(Config\Cache), false)
#16 C:\xampp\htdocs\RomeroFrancisco\system\Boot.php(334): CodeIgniter\CodeIgniter->run()
#17 C:\xampp\htdocs\RomeroFrancisco\system\Boot.php(67): CodeIgniter\Boot::runCodeIgniter(Object(CodeIgniter\CodeIgniter))
#18 C:\xampp\htdocs\RomeroFrancisco\index.php(56): CodeIgniter\Boot::bootWeb(Object(Config\Paths))
#19 {main}
CRITICAL - 2025-06-19 01:09:52 --> CodeIgniter\Database\Exceptions\DatabaseException: Unknown column 'respuesta' in 'where clause'
[Method: GET, Route: /]
in SYSTEMPATH\Database\BaseConnection.php on line 692.
 1 SYSTEMPATH\Database\BaseBuilder.php(1733): CodeIgniter\Database\BaseConnection->query('SELECT COUNT(*) AS `numrows`
FROM `consultas`
WHERE `correoElectronico` = :correoElectronico:
AND `respuesta` IS NOT NULL AND `respuesta` != ""', [...], false)
 2 APPPATH\Views\components\header.php(44): CodeIgniter\Database\BaseBuilder->countAllResults()
 3 SYSTEMPATH\View\View.php(224): include('C:\\xampp\\htdocs\\RomeroFrancisco\\app\\Views\\components\\header.php')
 4 SYSTEMPATH\View\View.php(227): CodeIgniter\View\View->CodeIgniter\View\{closure}()
 5 SYSTEMPATH\Common.php(1173): CodeIgniter\View\View->render('components/header', [], true)
 6 APPPATH\Views\templates\layout.php(23): view('components/header')
 7 SYSTEMPATH\View\View.php(224): include('C:\\xampp\\htdocs\\RomeroFrancisco\\app\\Views\\templates\\layout.php')
 8 SYSTEMPATH\View\View.php(227): CodeIgniter\View\View->CodeIgniter\View\{closure}()
 9 SYSTEMPATH\Common.php(1173): CodeIgniter\View\View->render('templates/layout', [], true)
10 APPPATH\Controllers\Home.php(9): view('templates/layout', [...])
11 SYSTEMPATH\CodeIgniter.php(933): App\Controllers\Home->index()
12 SYSTEMPATH\CodeIgniter.php(507): CodeIgniter\CodeIgniter->runController(Object(App\Controllers\Home))
13 SYSTEMPATH\CodeIgniter.php(354): CodeIgniter\CodeIgniter->handleRequest(null, Object(Config\Cache), false)
14 SYSTEMPATH\Boot.php(334): CodeIgniter\CodeIgniter->run()
15 SYSTEMPATH\Boot.php(67): CodeIgniter\Boot::runCodeIgniter(Object(CodeIgniter\CodeIgniter))
16 FCPATH\index.php(56): CodeIgniter\Boot::bootWeb(Object(Config\Paths))
CRITICAL - 2025-06-19 01:09:52 --> [Caused by] CodeIgniter\Database\Exceptions\DatabaseException: Unknown column 'respuesta' in 'where clause'
in SYSTEMPATH\Database\MySQLi\Connection.php on line 332.
 1 SYSTEMPATH\Database\BaseConnection.php(738): CodeIgniter\Database\MySQLi\Connection->execute('SELECT COUNT(*) AS `numrows`
FROM `consultas`
WHERE `correoElectronico` = \'clienteuno@gmail.com\'
AND `respuesta` IS NOT NULL AND `respuesta` != ""')
 2 SYSTEMPATH\Database\BaseConnection.php(652): CodeIgniter\Database\BaseConnection->simpleQuery('SELECT COUNT(*) AS `numrows`
FROM `consultas`
WHERE `correoElectronico` = \'clienteuno@gmail.com\'
AND `respuesta` IS NOT NULL AND `respuesta` != ""')
 3 SYSTEMPATH\Database\BaseBuilder.php(1733): CodeIgniter\Database\BaseConnection->query('SELECT COUNT(*) AS `numrows`
FROM `consultas`
WHERE `correoElectronico` = :correoElectronico:
AND `respuesta` IS NOT NULL AND `respuesta` != ""', [...], false)
 4 APPPATH\Views\components\header.php(44): CodeIgniter\Database\BaseBuilder->countAllResults()
 5 SYSTEMPATH\View\View.php(224): include('C:\\xampp\\htdocs\\RomeroFrancisco\\app\\Views\\components\\header.php')
 6 SYSTEMPATH\View\View.php(227): CodeIgniter\View\View->CodeIgniter\View\{closure}()
 7 SYSTEMPATH\Common.php(1173): CodeIgniter\View\View->render('components/header', [], true)
 8 APPPATH\Views\templates\layout.php(23): view('components/header')
 9 SYSTEMPATH\View\View.php(224): include('C:\\xampp\\htdocs\\RomeroFrancisco\\app\\Views\\templates\\layout.php')
10 SYSTEMPATH\View\View.php(227): CodeIgniter\View\View->CodeIgniter\View\{closure}()
11 SYSTEMPATH\Common.php(1173): CodeIgniter\View\View->render('templates/layout', [], true)
12 APPPATH\Controllers\Home.php(9): view('templates/layout', [...])
13 SYSTEMPATH\CodeIgniter.php(933): App\Controllers\Home->index()
14 SYSTEMPATH\CodeIgniter.php(507): CodeIgniter\CodeIgniter->runController(Object(App\Controllers\Home))
15 SYSTEMPATH\CodeIgniter.php(354): CodeIgniter\CodeIgniter->handleRequest(null, Object(Config\Cache), false)
16 SYSTEMPATH\Boot.php(334): CodeIgniter\CodeIgniter->run()
17 SYSTEMPATH\Boot.php(67): CodeIgniter\Boot::runCodeIgniter(Object(CodeIgniter\CodeIgniter))
18 FCPATH\index.php(56): CodeIgniter\Boot::bootWeb(Object(Config\Paths))
CRITICAL - 2025-06-19 01:09:52 --> [Caused by] mysqli_sql_exception: Unknown column 'respuesta' in 'where clause'
in SYSTEMPATH\Database\MySQLi\Connection.php on line 327.
 1 SYSTEMPATH\Database\MySQLi\Connection.php(327): mysqli->query('SELECT COUNT(*) AS `numrows`
FROM `consultas`
WHERE `correoElectronico` = \'clienteuno@gmail.com\'
AND `respuesta` IS NOT NULL AND `respuesta` != ""', 0)
 2 SYSTEMPATH\Database\BaseConnection.php(738): CodeIgniter\Database\MySQLi\Connection->execute('SELECT COUNT(*) AS `numrows`
FROM `consultas`
WHERE `correoElectronico` = \'clienteuno@gmail.com\'
AND `respuesta` IS NOT NULL AND `respuesta` != ""')
 3 SYSTEMPATH\Database\BaseConnection.php(652): CodeIgniter\Database\BaseConnection->simpleQuery('SELECT COUNT(*) AS `numrows`
FROM `consultas`
WHERE `correoElectronico` = \'clienteuno@gmail.com\'
AND `respuesta` IS NOT NULL AND `respuesta` != ""')
 4 SYSTEMPATH\Database\BaseBuilder.php(1733): CodeIgniter\Database\BaseConnection->query('SELECT COUNT(*) AS `numrows`
FROM `consultas`
WHERE `correoElectronico` = :correoElectronico:
AND `respuesta` IS NOT NULL AND `respuesta` != ""', [...], false)
 5 APPPATH\Views\components\header.php(44): CodeIgniter\Database\BaseBuilder->countAllResults()
 6 SYSTEMPATH\View\View.php(224): include('C:\\xampp\\htdocs\\RomeroFrancisco\\app\\Views\\components\\header.php')
 7 SYSTEMPATH\View\View.php(227): CodeIgniter\View\View->CodeIgniter\View\{closure}()
 8 SYSTEMPATH\Common.php(1173): CodeIgniter\View\View->render('components/header', [], true)
 9 APPPATH\Views\templates\layout.php(23): view('components/header')
10 SYSTEMPATH\View\View.php(224): include('C:\\xampp\\htdocs\\RomeroFrancisco\\app\\Views\\templates\\layout.php')
11 SYSTEMPATH\View\View.php(227): CodeIgniter\View\View->CodeIgniter\View\{closure}()
12 SYSTEMPATH\Common.php(1173): CodeIgniter\View\View->render('templates/layout', [], true)
13 APPPATH\Controllers\Home.php(9): view('templates/layout', [...])
14 SYSTEMPATH\CodeIgniter.php(933): App\Controllers\Home->index()
15 SYSTEMPATH\CodeIgniter.php(507): CodeIgniter\CodeIgniter->runController(Object(App\Controllers\Home))
16 SYSTEMPATH\CodeIgniter.php(354): CodeIgniter\CodeIgniter->handleRequest(null, Object(Config\Cache), false)
17 SYSTEMPATH\Boot.php(334): CodeIgniter\CodeIgniter->run()
18 SYSTEMPATH\Boot.php(67): CodeIgniter\Boot::runCodeIgniter(Object(CodeIgniter\CodeIgniter))
19 FCPATH\index.php(56): CodeIgniter\Boot::bootWeb(Object(Config\Paths))
DEBUG - 2025-06-19 02:48:19 --> Session: Class initialized using 'CodeIgniter\Session\Handlers\FileHandler' driver.
DEBUG - 2025-06-19 14:40:49 --> Session: Class initialized using 'CodeIgniter\Session\Handlers\FileHandler' driver.
DEBUG - 2025-06-19 14:40:51 --> Session: Class initialized using 'CodeIgniter\Session\Handlers\FileHandler' driver.
DEBUG - 2025-06-19 14:41:01 --> Session: Class initialized using 'CodeIgniter\Session\Handlers\FileHandler' driver.
DEBUG - 2025-06-19 14:41:01 --> Session: Class initialized using 'CodeIgniter\Session\Handlers\FileHandler' driver.
DEBUG - 2025-06-19 14:41:04 --> Session: Class initialized using 'CodeIgniter\Session\Handlers\FileHandler' driver.
DEBUG - 2025-06-19 14:41:55 --> Session: Class initialized using 'CodeIgniter\Session\Handlers\FileHandler' driver.
DEBUG - 2025-06-19 14:41:55 --> Session: Class initialized using 'CodeIgniter\Session\Handlers\FileHandler' driver.
DEBUG - 2025-06-19 14:42:20 --> Session: Class initialized using 'CodeIgniter\Session\Handlers\FileHandler' driver.
DEBUG - 2025-06-19 14:42:22 --> Session: Class initialized using 'CodeIgniter\Session\Handlers\FileHandler' driver.
DEBUG - 2025-06-19 14:42:34 --> Session: Class initialized using 'CodeIgniter\Session\Handlers\FileHandler' driver.
DEBUG - 2025-06-19 14:42:34 --> Session: Class initialized using 'CodeIgniter\Session\Handlers\FileHandler' driver.
DEBUG - 2025-06-19 14:42:39 --> Session: Class initialized using 'CodeIgniter\Session\Handlers\FileHandler' driver.
DEBUG - 2025-06-19 14:42:39 --> Session: Class initialized using 'CodeIgniter\Session\Handlers\FileHandler' driver.
DEBUG - 2025-06-19 14:42:47 --> Session: Class initialized using 'CodeIgniter\Session\Handlers\FileHandler' driver.
DEBUG - 2025-06-19 14:42:47 --> Session: Class initialized using 'CodeIgniter\Session\Handlers\FileHandler' driver.
ERROR - 2025-06-19 14:42:47 --> mysqli_sql_exception: Unknown column 'respuesta' in 'where clause' in C:\xampp\htdocs\RomeroFrancisco\system\Database\MySQLi\Connection.php:327
Stack trace:
#0 C:\xampp\htdocs\RomeroFrancisco\system\Database\MySQLi\Connection.php(327): mysqli->query('SELECT COUNT(*)...', 0)
#1 C:\xampp\htdocs\RomeroFrancisco\system\Database\BaseConnection.php(738): CodeIgniter\Database\MySQLi\Connection->execute('SELECT COUNT(*)...')
#2 C:\xampp\htdocs\RomeroFrancisco\system\Database\BaseConnection.php(652): CodeIgniter\Database\BaseConnection->simpleQuery('SELECT COUNT(*)...')
#3 C:\xampp\htdocs\RomeroFrancisco\system\Database\BaseBuilder.php(1733): CodeIgniter\Database\BaseConnection->query('SELECT COUNT(*)...', Array, false)
#4 C:\xampp\htdocs\RomeroFrancisco\app\Views\components\header.php(44): CodeIgniter\Database\BaseBuilder->countAllResults()
#5 C:\xampp\htdocs\RomeroFrancisco\system\View\View.php(224): include('C:\\xampp\\htdocs...')
#6 C:\xampp\htdocs\RomeroFrancisco\system\View\View.php(227): CodeIgniter\View\View->CodeIgniter\View\{closure}()
#7 C:\xampp\htdocs\RomeroFrancisco\system\Common.php(1173): CodeIgniter\View\View->render('components/head...', Array, true)
#8 C:\xampp\htdocs\RomeroFrancisco\app\Views\templates\layout.php(23): view('components/head...')
#9 C:\xampp\htdocs\RomeroFrancisco\system\View\View.php(224): include('C:\\xampp\\htdocs...')
#10 C:\xampp\htdocs\RomeroFrancisco\system\View\View.php(227): CodeIgniter\View\View->CodeIgniter\View\{closure}()
#11 C:\xampp\htdocs\RomeroFrancisco\system\Common.php(1173): CodeIgniter\View\View->render('templates/layou...', Array, true)
#12 C:\xampp\htdocs\RomeroFrancisco\app\Controllers\Home.php(9): view('templates/layou...', Array)
#13 C:\xampp\htdocs\RomeroFrancisco\system\CodeIgniter.php(933): App\Controllers\Home->index()
#14 C:\xampp\htdocs\RomeroFrancisco\system\CodeIgniter.php(507): CodeIgniter\CodeIgniter->runController(Object(App\Controllers\Home))
#15 C:\xampp\htdocs\RomeroFrancisco\system\CodeIgniter.php(354): CodeIgniter\CodeIgniter->handleRequest(NULL, Object(Config\Cache), false)
#16 C:\xampp\htdocs\RomeroFrancisco\system\Boot.php(334): CodeIgniter\CodeIgniter->run()
#17 C:\xampp\htdocs\RomeroFrancisco\system\Boot.php(67): CodeIgniter\Boot::runCodeIgniter(Object(CodeIgniter\CodeIgniter))
#18 C:\xampp\htdocs\RomeroFrancisco\index.php(56): CodeIgniter\Boot::bootWeb(Object(Config\Paths))
#19 {main}
CRITICAL - 2025-06-19 14:42:47 --> CodeIgniter\Database\Exceptions\DatabaseException: Unknown column 'respuesta' in 'where clause'
[Method: GET, Route: /]
in SYSTEMPATH\Database\BaseConnection.php on line 692.
 1 SYSTEMPATH\Database\BaseBuilder.php(1733): CodeIgniter\Database\BaseConnection->query('SELECT COUNT(*) AS `numrows`
FROM `consultas`
WHERE `correoElectronico` = :correoElectronico:
AND `respuesta` IS NOT NULL AND `respuesta` != ""', [...], false)
 2 APPPATH\Views\components\header.php(44): CodeIgniter\Database\BaseBuilder->countAllResults()
 3 SYSTEMPATH\View\View.php(224): include('C:\\xampp\\htdocs\\RomeroFrancisco\\app\\Views\\components\\header.php')
 4 SYSTEMPATH\View\View.php(227): CodeIgniter\View\View->CodeIgniter\View\{closure}()
 5 SYSTEMPATH\Common.php(1173): CodeIgniter\View\View->render('components/header', [], true)
 6 APPPATH\Views\templates\layout.php(23): view('components/header')
 7 SYSTEMPATH\View\View.php(224): include('C:\\xampp\\htdocs\\RomeroFrancisco\\app\\Views\\templates\\layout.php')
 8 SYSTEMPATH\View\View.php(227): CodeIgniter\View\View->CodeIgniter\View\{closure}()
 9 SYSTEMPATH\Common.php(1173): CodeIgniter\View\View->render('templates/layout', [], true)
10 APPPATH\Controllers\Home.php(9): view('templates/layout', [...])
11 SYSTEMPATH\CodeIgniter.php(933): App\Controllers\Home->index()
12 SYSTEMPATH\CodeIgniter.php(507): CodeIgniter\CodeIgniter->runController(Object(App\Controllers\Home))
13 SYSTEMPATH\CodeIgniter.php(354): CodeIgniter\CodeIgniter->handleRequest(null, Object(Config\Cache), false)
14 SYSTEMPATH\Boot.php(334): CodeIgniter\CodeIgniter->run()
15 SYSTEMPATH\Boot.php(67): CodeIgniter\Boot::runCodeIgniter(Object(CodeIgniter\CodeIgniter))
16 FCPATH\index.php(56): CodeIgniter\Boot::bootWeb(Object(Config\Paths))
CRITICAL - 2025-06-19 14:42:47 --> [Caused by] CodeIgniter\Database\Exceptions\DatabaseException: Unknown column 'respuesta' in 'where clause'
in SYSTEMPATH\Database\MySQLi\Connection.php on line 332.
 1 SYSTEMPATH\Database\BaseConnection.php(738): CodeIgniter\Database\MySQLi\Connection->execute('SELECT COUNT(*) AS `numrows`
FROM `consultas`
WHERE `correoElectronico` = \'clienteuno@gmail.com\'
AND `respuesta` IS NOT NULL AND `respuesta` != ""')
 2 SYSTEMPATH\Database\BaseConnection.php(652): CodeIgniter\Database\BaseConnection->simpleQuery('SELECT COUNT(*) AS `numrows`
FROM `consultas`
WHERE `correoElectronico` = \'clienteuno@gmail.com\'
AND `respuesta` IS NOT NULL AND `respuesta` != ""')
 3 SYSTEMPATH\Database\BaseBuilder.php(1733): CodeIgniter\Database\BaseConnection->query('SELECT COUNT(*) AS `numrows`
FROM `consultas`
WHERE `correoElectronico` = :correoElectronico:
AND `respuesta` IS NOT NULL AND `respuesta` != ""', [...], false)
 4 APPPATH\Views\components\header.php(44): CodeIgniter\Database\BaseBuilder->countAllResults()
 5 SYSTEMPATH\View\View.php(224): include('C:\\xampp\\htdocs\\RomeroFrancisco\\app\\Views\\components\\header.php')
 6 SYSTEMPATH\View\View.php(227): CodeIgniter\View\View->CodeIgniter\View\{closure}()
 7 SYSTEMPATH\Common.php(1173): CodeIgniter\View\View->render('components/header', [], true)
 8 APPPATH\Views\templates\layout.php(23): view('components/header')
 9 SYSTEMPATH\View\View.php(224): include('C:\\xampp\\htdocs\\RomeroFrancisco\\app\\Views\\templates\\layout.php')
10 SYSTEMPATH\View\View.php(227): CodeIgniter\View\View->CodeIgniter\View\{closure}()
11 SYSTEMPATH\Common.php(1173): CodeIgniter\View\View->render('templates/layout', [], true)
12 APPPATH\Controllers\Home.php(9): view('templates/layout', [...])
13 SYSTEMPATH\CodeIgniter.php(933): App\Controllers\Home->index()
14 SYSTEMPATH\CodeIgniter.php(507): CodeIgniter\CodeIgniter->runController(Object(App\Controllers\Home))
15 SYSTEMPATH\CodeIgniter.php(354): CodeIgniter\CodeIgniter->handleRequest(null, Object(Config\Cache), false)
16 SYSTEMPATH\Boot.php(334): CodeIgniter\CodeIgniter->run()
17 SYSTEMPATH\Boot.php(67): CodeIgniter\Boot::runCodeIgniter(Object(CodeIgniter\CodeIgniter))
18 FCPATH\index.php(56): CodeIgniter\Boot::bootWeb(Object(Config\Paths))
CRITICAL - 2025-06-19 14:42:47 --> [Caused by] mysqli_sql_exception: Unknown column 'respuesta' in 'where clause'
in SYSTEMPATH\Database\MySQLi\Connection.php on line 327.
 1 SYSTEMPATH\Database\MySQLi\Connection.php(327): mysqli->query('SELECT COUNT(*) AS `numrows`
FROM `consultas`
WHERE `correoElectronico` = \'clienteuno@gmail.com\'
AND `respuesta` IS NOT NULL AND `respuesta` != ""', 0)
 2 SYSTEMPATH\Database\BaseConnection.php(738): CodeIgniter\Database\MySQLi\Connection->execute('SELECT COUNT(*) AS `numrows`
FROM `consultas`
WHERE `correoElectronico` = \'clienteuno@gmail.com\'
AND `respuesta` IS NOT NULL AND `respuesta` != ""')
 3 SYSTEMPATH\Database\BaseConnection.php(652): CodeIgniter\Database\BaseConnection->simpleQuery('SELECT COUNT(*) AS `numrows`
FROM `consultas`
WHERE `correoElectronico` = \'clienteuno@gmail.com\'
AND `respuesta` IS NOT NULL AND `respuesta` != ""')
 4 SYSTEMPATH\Database\BaseBuilder.php(1733): CodeIgniter\Database\BaseConnection->query('SELECT COUNT(*) AS `numrows`
FROM `consultas`
WHERE `correoElectronico` = :correoElectronico:
AND `respuesta` IS NOT NULL AND `respuesta` != ""', [...], false)
 5 APPPATH\Views\components\header.php(44): CodeIgniter\Database\BaseBuilder->countAllResults()
 6 SYSTEMPATH\View\View.php(224): include('C:\\xampp\\htdocs\\RomeroFrancisco\\app\\Views\\components\\header.php')
 7 SYSTEMPATH\View\View.php(227): CodeIgniter\View\View->CodeIgniter\View\{closure}()
 8 SYSTEMPATH\Common.php(1173): CodeIgniter\View\View->render('components/header', [], true)
 9 APPPATH\Views\templates\layout.php(23): view('components/header')
10 SYSTEMPATH\View\View.php(224): include('C:\\xampp\\htdocs\\RomeroFrancisco\\app\\Views\\templates\\layout.php')
11 SYSTEMPATH\View\View.php(227): CodeIgniter\View\View->CodeIgniter\View\{closure}()
12 SYSTEMPATH\Common.php(1173): CodeIgniter\View\View->render('templates/layout', [], true)
13 APPPATH\Controllers\Home.php(9): view('templates/layout', [...])
14 SYSTEMPATH\CodeIgniter.php(933): App\Controllers\Home->index()
15 SYSTEMPATH\CodeIgniter.php(507): CodeIgniter\CodeIgniter->runController(Object(App\Controllers\Home))
16 SYSTEMPATH\CodeIgniter.php(354): CodeIgniter\CodeIgniter->handleRequest(null, Object(Config\Cache), false)
17 SYSTEMPATH\Boot.php(334): CodeIgniter\CodeIgniter->run()
18 SYSTEMPATH\Boot.php(67): CodeIgniter\Boot::runCodeIgniter(Object(CodeIgniter\CodeIgniter))
19 FCPATH\index.php(56): CodeIgniter\Boot::bootWeb(Object(Config\Paths))
DEBUG - 2025-06-19 14:43:04 --> Session: Class initialized using 'CodeIgniter\Session\Handlers\FileHandler' driver.
DEBUG - 2025-06-19 14:43:04 --> Session: Class initialized using 'CodeIgniter\Session\Handlers\FileHandler' driver.
ERROR - 2025-06-19 14:43:04 --> mysqli_sql_exception: Unknown column 'respuesta' in 'where clause' in C:\xampp\htdocs\RomeroFrancisco\system\Database\MySQLi\Connection.php:327
Stack trace:
#0 C:\xampp\htdocs\RomeroFrancisco\system\Database\MySQLi\Connection.php(327): mysqli->query('SELECT COUNT(*)...', 0)
#1 C:\xampp\htdocs\RomeroFrancisco\system\Database\BaseConnection.php(738): CodeIgniter\Database\MySQLi\Connection->execute('SELECT COUNT(*)...')
#2 C:\xampp\htdocs\RomeroFrancisco\system\Database\BaseConnection.php(652): CodeIgniter\Database\BaseConnection->simpleQuery('SELECT COUNT(*)...')
#3 C:\xampp\htdocs\RomeroFrancisco\system\Database\BaseBuilder.php(1733): CodeIgniter\Database\BaseConnection->query('SELECT COUNT(*)...', Array, false)
#4 C:\xampp\htdocs\RomeroFrancisco\app\Views\components\header.php(44): CodeIgniter\Database\BaseBuilder->countAllResults()
#5 C:\xampp\htdocs\RomeroFrancisco\system\View\View.php(224): include('C:\\xampp\\htdocs...')
#6 C:\xampp\htdocs\RomeroFrancisco\system\View\View.php(227): CodeIgniter\View\View->CodeIgniter\View\{closure}()
#7 C:\xampp\htdocs\RomeroFrancisco\system\Common.php(1173): CodeIgniter\View\View->render('components/head...', Array, true)
#8 C:\xampp\htdocs\RomeroFrancisco\app\Views\templates\layout.php(23): view('components/head...')
#9 C:\xampp\htdocs\RomeroFrancisco\system\View\View.php(224): include('C:\\xampp\\htdocs...')
#10 C:\xampp\htdocs\RomeroFrancisco\system\View\View.php(227): CodeIgniter\View\View->CodeIgniter\View\{closure}()
#11 C:\xampp\htdocs\RomeroFrancisco\system\Common.php(1173): CodeIgniter\View\View->render('templates/layou...', Array, true)
#12 C:\xampp\htdocs\RomeroFrancisco\app\Controllers\Home.php(9): view('templates/layou...', Array)
#13 C:\xampp\htdocs\RomeroFrancisco\system\CodeIgniter.php(933): App\Controllers\Home->index()
#14 C:\xampp\htdocs\RomeroFrancisco\system\CodeIgniter.php(507): CodeIgniter\CodeIgniter->runController(Object(App\Controllers\Home))
#15 C:\xampp\htdocs\RomeroFrancisco\system\CodeIgniter.php(354): CodeIgniter\CodeIgniter->handleRequest(NULL, Object(Config\Cache), false)
#16 C:\xampp\htdocs\RomeroFrancisco\system\Boot.php(334): CodeIgniter\CodeIgniter->run()
#17 C:\xampp\htdocs\RomeroFrancisco\system\Boot.php(67): CodeIgniter\Boot::runCodeIgniter(Object(CodeIgniter\CodeIgniter))
#18 C:\xampp\htdocs\RomeroFrancisco\index.php(56): CodeIgniter\Boot::bootWeb(Object(Config\Paths))
#19 {main}
CRITICAL - 2025-06-19 14:43:04 --> CodeIgniter\Database\Exceptions\DatabaseException: Unknown column 'respuesta' in 'where clause'
[Method: GET, Route: /]
in SYSTEMPATH\Database\BaseConnection.php on line 692.
 1 SYSTEMPATH\Database\BaseBuilder.php(1733): CodeIgniter\Database\BaseConnection->query('SELECT COUNT(*) AS `numrows`
FROM `consultas`
WHERE `correoElectronico` = :correoElectronico:
AND `respuesta` IS NOT NULL AND `respuesta` != ""', [...], false)
 2 APPPATH\Views\components\header.php(44): CodeIgniter\Database\BaseBuilder->countAllResults()
 3 SYSTEMPATH\View\View.php(224): include('C:\\xampp\\htdocs\\RomeroFrancisco\\app\\Views\\components\\header.php')
 4 SYSTEMPATH\View\View.php(227): CodeIgniter\View\View->CodeIgniter\View\{closure}()
 5 SYSTEMPATH\Common.php(1173): CodeIgniter\View\View->render('components/header', [], true)
 6 APPPATH\Views\templates\layout.php(23): view('components/header')
 7 SYSTEMPATH\View\View.php(224): include('C:\\xampp\\htdocs\\RomeroFrancisco\\app\\Views\\templates\\layout.php')
 8 SYSTEMPATH\View\View.php(227): CodeIgniter\View\View->CodeIgniter\View\{closure}()
 9 SYSTEMPATH\Common.php(1173): CodeIgniter\View\View->render('templates/layout', [], true)
10 APPPATH\Controllers\Home.php(9): view('templates/layout', [...])
11 SYSTEMPATH\CodeIgniter.php(933): App\Controllers\Home->index()
12 SYSTEMPATH\CodeIgniter.php(507): CodeIgniter\CodeIgniter->runController(Object(App\Controllers\Home))
13 SYSTEMPATH\CodeIgniter.php(354): CodeIgniter\CodeIgniter->handleRequest(null, Object(Config\Cache), false)
14 SYSTEMPATH\Boot.php(334): CodeIgniter\CodeIgniter->run()
15 SYSTEMPATH\Boot.php(67): CodeIgniter\Boot::runCodeIgniter(Object(CodeIgniter\CodeIgniter))
16 FCPATH\index.php(56): CodeIgniter\Boot::bootWeb(Object(Config\Paths))
CRITICAL - 2025-06-19 14:43:04 --> [Caused by] CodeIgniter\Database\Exceptions\DatabaseException: Unknown column 'respuesta' in 'where clause'
in SYSTEMPATH\Database\MySQLi\Connection.php on line 332.
 1 SYSTEMPATH\Database\BaseConnection.php(738): CodeIgniter\Database\MySQLi\Connection->execute('SELECT COUNT(*) AS `numrows`
FROM `consultas`
WHERE `correoElectronico` = \'clienteuno@gmail.com\'
AND `respuesta` IS NOT NULL AND `respuesta` != ""')
 2 SYSTEMPATH\Database\BaseConnection.php(652): CodeIgniter\Database\BaseConnection->simpleQuery('SELECT COUNT(*) AS `numrows`
FROM `consultas`
WHERE `correoElectronico` = \'clienteuno@gmail.com\'
AND `respuesta` IS NOT NULL AND `respuesta` != ""')
 3 SYSTEMPATH\Database\BaseBuilder.php(1733): CodeIgniter\Database\BaseConnection->query('SELECT COUNT(*) AS `numrows`
FROM `consultas`
WHERE `correoElectronico` = :correoElectronico:
AND `respuesta` IS NOT NULL AND `respuesta` != ""', [...], false)
 4 APPPATH\Views\components\header.php(44): CodeIgniter\Database\BaseBuilder->countAllResults()
 5 SYSTEMPATH\View\View.php(224): include('C:\\xampp\\htdocs\\RomeroFrancisco\\app\\Views\\components\\header.php')
 6 SYSTEMPATH\View\View.php(227): CodeIgniter\View\View->CodeIgniter\View\{closure}()
 7 SYSTEMPATH\Common.php(1173): CodeIgniter\View\View->render('components/header', [], true)
 8 APPPATH\Views\templates\layout.php(23): view('components/header')
 9 SYSTEMPATH\View\View.php(224): include('C:\\xampp\\htdocs\\RomeroFrancisco\\app\\Views\\templates\\layout.php')
10 SYSTEMPATH\View\View.php(227): CodeIgniter\View\View->CodeIgniter\View\{closure}()
11 SYSTEMPATH\Common.php(1173): CodeIgniter\View\View->render('templates/layout', [], true)
12 APPPATH\Controllers\Home.php(9): view('templates/layout', [...])
13 SYSTEMPATH\CodeIgniter.php(933): App\Controllers\Home->index()
14 SYSTEMPATH\CodeIgniter.php(507): CodeIgniter\CodeIgniter->runController(Object(App\Controllers\Home))
15 SYSTEMPATH\CodeIgniter.php(354): CodeIgniter\CodeIgniter->handleRequest(null, Object(Config\Cache), false)
16 SYSTEMPATH\Boot.php(334): CodeIgniter\CodeIgniter->run()
17 SYSTEMPATH\Boot.php(67): CodeIgniter\Boot::runCodeIgniter(Object(CodeIgniter\CodeIgniter))
18 FCPATH\index.php(56): CodeIgniter\Boot::bootWeb(Object(Config\Paths))
CRITICAL - 2025-06-19 14:43:04 --> [Caused by] mysqli_sql_exception: Unknown column 'respuesta' in 'where clause'
in SYSTEMPATH\Database\MySQLi\Connection.php on line 327.
 1 SYSTEMPATH\Database\MySQLi\Connection.php(327): mysqli->query('SELECT COUNT(*) AS `numrows`
FROM `consultas`
WHERE `correoElectronico` = \'clienteuno@gmail.com\'
AND `respuesta` IS NOT NULL AND `respuesta` != ""', 0)
 2 SYSTEMPATH\Database\BaseConnection.php(738): CodeIgniter\Database\MySQLi\Connection->execute('SELECT COUNT(*) AS `numrows`
FROM `consultas`
WHERE `correoElectronico` = \'clienteuno@gmail.com\'
AND `respuesta` IS NOT NULL AND `respuesta` != ""')
 3 SYSTEMPATH\Database\BaseConnection.php(652): CodeIgniter\Database\BaseConnection->simpleQuery('SELECT COUNT(*) AS `numrows`
FROM `consultas`
WHERE `correoElectronico` = \'clienteuno@gmail.com\'
AND `respuesta` IS NOT NULL AND `respuesta` != ""')
 4 SYSTEMPATH\Database\BaseBuilder.php(1733): CodeIgniter\Database\BaseConnection->query('SELECT COUNT(*) AS `numrows`
FROM `consultas`
WHERE `correoElectronico` = :correoElectronico:
AND `respuesta` IS NOT NULL AND `respuesta` != ""', [...], false)
 5 APPPATH\Views\components\header.php(44): CodeIgniter\Database\BaseBuilder->countAllResults()
 6 SYSTEMPATH\View\View.php(224): include('C:\\xampp\\htdocs\\RomeroFrancisco\\app\\Views\\components\\header.php')
 7 SYSTEMPATH\View\View.php(227): CodeIgniter\View\View->CodeIgniter\View\{closure}()
 8 SYSTEMPATH\Common.php(1173): CodeIgniter\View\View->render('components/header', [], true)
 9 APPPATH\Views\templates\layout.php(23): view('components/header')
10 SYSTEMPATH\View\View.php(224): include('C:\\xampp\\htdocs\\RomeroFrancisco\\app\\Views\\templates\\layout.php')
11 SYSTEMPATH\View\View.php(227): CodeIgniter\View\View->CodeIgniter\View\{closure}()
12 SYSTEMPATH\Common.php(1173): CodeIgniter\View\View->render('templates/layout', [], true)
13 APPPATH\Controllers\Home.php(9): view('templates/layout', [...])
14 SYSTEMPATH\CodeIgniter.php(933): App\Controllers\Home->index()
15 SYSTEMPATH\CodeIgniter.php(507): CodeIgniter\CodeIgniter->runController(Object(App\Controllers\Home))
16 SYSTEMPATH\CodeIgniter.php(354): CodeIgniter\CodeIgniter->handleRequest(null, Object(Config\Cache), false)
17 SYSTEMPATH\Boot.php(334): CodeIgniter\CodeIgniter->run()
18 SYSTEMPATH\Boot.php(67): CodeIgniter\Boot::runCodeIgniter(Object(CodeIgniter\CodeIgniter))
19 FCPATH\index.php(56): CodeIgniter\Boot::bootWeb(Object(Config\Paths))
DEBUG - 2025-06-19 14:43:14 --> Session: Class initialized using 'CodeIgniter\Session\Handlers\FileHandler' driver.
DEBUG - 2025-06-19 14:43:15 --> Session: Class initialized using 'CodeIgniter\Session\Handlers\FileHandler' driver.
DEBUG - 2025-06-19 14:44:48 --> Session: Class initialized using 'CodeIgniter\Session\Handlers\FileHandler' driver.
DEBUG - 2025-06-19 14:44:48 --> Session: Class initialized using 'CodeIgniter\Session\Handlers\FileHandler' driver.
DEBUG - 2025-06-19 14:44:58 --> Session: Class initialized using 'CodeIgniter\Session\Handlers\FileHandler' driver.
DEBUG - 2025-06-19 14:45:11 --> Session: Class initialized using 'CodeIgniter\Session\Handlers\FileHandler' driver.
DEBUG - 2025-06-19 14:46:16 --> Session: Class initialized using 'CodeIgniter\Session\Handlers\FileHandler' driver.
DEBUG - 2025-06-19 14:46:23 --> Session: Class initialized using 'CodeIgniter\Session\Handlers\FileHandler' driver.
ERROR - 2025-06-19 14:46:23 --> mysqli_sql_exception: Unknown column 'respuesta' in 'where clause' in C:\xampp\htdocs\RomeroFrancisco\system\Database\MySQLi\Connection.php:327
Stack trace:
#0 C:\xampp\htdocs\RomeroFrancisco\system\Database\MySQLi\Connection.php(327): mysqli->query('SELECT COUNT(*)...', 0)
#1 C:\xampp\htdocs\RomeroFrancisco\system\Database\BaseConnection.php(738): CodeIgniter\Database\MySQLi\Connection->execute('SELECT COUNT(*)...')
#2 C:\xampp\htdocs\RomeroFrancisco\system\Database\BaseConnection.php(652): CodeIgniter\Database\BaseConnection->simpleQuery('SELECT COUNT(*)...')
#3 C:\xampp\htdocs\RomeroFrancisco\system\Database\BaseBuilder.php(1733): CodeIgniter\Database\BaseConnection->query('SELECT COUNT(*)...', Array, false)
#4 C:\xampp\htdocs\RomeroFrancisco\app\Views\components\header.php(44): CodeIgniter\Database\BaseBuilder->countAllResults()
#5 C:\xampp\htdocs\RomeroFrancisco\system\View\View.php(224): include('C:\\xampp\\htdocs...')
#6 C:\xampp\htdocs\RomeroFrancisco\system\View\View.php(227): CodeIgniter\View\View->CodeIgniter\View\{closure}()
#7 C:\xampp\htdocs\RomeroFrancisco\system\Common.php(1173): CodeIgniter\View\View->render('components/head...', Array, true)
#8 C:\xampp\htdocs\RomeroFrancisco\app\Views\templates\layout.php(23): view('components/head...')
#9 C:\xampp\htdocs\RomeroFrancisco\system\View\View.php(224): include('C:\\xampp\\htdocs...')
#10 C:\xampp\htdocs\RomeroFrancisco\system\View\View.php(227): CodeIgniter\View\View->CodeIgniter\View\{closure}()
#11 C:\xampp\htdocs\RomeroFrancisco\system\Common.php(1173): CodeIgniter\View\View->render('templates/layou...', Array, true)
#12 C:\xampp\htdocs\RomeroFrancisco\app\Controllers\Home.php(9): view('templates/layou...', Array)
#13 C:\xampp\htdocs\RomeroFrancisco\system\CodeIgniter.php(933): App\Controllers\Home->index()
#14 C:\xampp\htdocs\RomeroFrancisco\system\CodeIgniter.php(507): CodeIgniter\CodeIgniter->runController(Object(App\Controllers\Home))
#15 C:\xampp\htdocs\RomeroFrancisco\system\CodeIgniter.php(354): CodeIgniter\CodeIgniter->handleRequest(NULL, Object(Config\Cache), false)
#16 C:\xampp\htdocs\RomeroFrancisco\system\Boot.php(334): CodeIgniter\CodeIgniter->run()
#17 C:\xampp\htdocs\RomeroFrancisco\system\Boot.php(67): CodeIgniter\Boot::runCodeIgniter(Object(CodeIgniter\CodeIgniter))
#18 C:\xampp\htdocs\RomeroFrancisco\index.php(56): CodeIgniter\Boot::bootWeb(Object(Config\Paths))
#19 {main}
CRITICAL - 2025-06-19 14:46:23 --> CodeIgniter\Database\Exceptions\DatabaseException: Unknown column 'respuesta' in 'where clause'
[Method: GET, Route: /]
in SYSTEMPATH\Database\BaseConnection.php on line 692.
 1 SYSTEMPATH\Database\BaseBuilder.php(1733): CodeIgniter\Database\BaseConnection->query('SELECT COUNT(*) AS `numrows`
FROM `consultas`
WHERE `correoElectronico` = :correoElectronico:
AND `respuesta` IS NOT NULL AND `respuesta` != ""', [...], false)
 2 APPPATH\Views\components\header.php(44): CodeIgniter\Database\BaseBuilder->countAllResults()
 3 SYSTEMPATH\View\View.php(224): include('C:\\xampp\\htdocs\\RomeroFrancisco\\app\\Views\\components\\header.php')
 4 SYSTEMPATH\View\View.php(227): CodeIgniter\View\View->CodeIgniter\View\{closure}()
 5 SYSTEMPATH\Common.php(1173): CodeIgniter\View\View->render('components/header', [], true)
 6 APPPATH\Views\templates\layout.php(23): view('components/header')
 7 SYSTEMPATH\View\View.php(224): include('C:\\xampp\\htdocs\\RomeroFrancisco\\app\\Views\\templates\\layout.php')
 8 SYSTEMPATH\View\View.php(227): CodeIgniter\View\View->CodeIgniter\View\{closure}()
 9 SYSTEMPATH\Common.php(1173): CodeIgniter\View\View->render('templates/layout', [], true)
10 APPPATH\Controllers\Home.php(9): view('templates/layout', [...])
11 SYSTEMPATH\CodeIgniter.php(933): App\Controllers\Home->index()
12 SYSTEMPATH\CodeIgniter.php(507): CodeIgniter\CodeIgniter->runController(Object(App\Controllers\Home))
13 SYSTEMPATH\CodeIgniter.php(354): CodeIgniter\CodeIgniter->handleRequest(null, Object(Config\Cache), false)
14 SYSTEMPATH\Boot.php(334): CodeIgniter\CodeIgniter->run()
15 SYSTEMPATH\Boot.php(67): CodeIgniter\Boot::runCodeIgniter(Object(CodeIgniter\CodeIgniter))
16 FCPATH\index.php(56): CodeIgniter\Boot::bootWeb(Object(Config\Paths))
CRITICAL - 2025-06-19 14:46:23 --> [Caused by] CodeIgniter\Database\Exceptions\DatabaseException: Unknown column 'respuesta' in 'where clause'
in SYSTEMPATH\Database\MySQLi\Connection.php on line 332.
 1 SYSTEMPATH\Database\BaseConnection.php(738): CodeIgniter\Database\MySQLi\Connection->execute('SELECT COUNT(*) AS `numrows`
FROM `consultas`
WHERE `correoElectronico` = \'clienteuno@gmail.com\'
AND `respuesta` IS NOT NULL AND `respuesta` != ""')
 2 SYSTEMPATH\Database\BaseConnection.php(652): CodeIgniter\Database\BaseConnection->simpleQuery('SELECT COUNT(*) AS `numrows`
FROM `consultas`
WHERE `correoElectronico` = \'clienteuno@gmail.com\'
AND `respuesta` IS NOT NULL AND `respuesta` != ""')
 3 SYSTEMPATH\Database\BaseBuilder.php(1733): CodeIgniter\Database\BaseConnection->query('SELECT COUNT(*) AS `numrows`
FROM `consultas`
WHERE `correoElectronico` = :correoElectronico:
AND `respuesta` IS NOT NULL AND `respuesta` != ""', [...], false)
 4 APPPATH\Views\components\header.php(44): CodeIgniter\Database\BaseBuilder->countAllResults()
 5 SYSTEMPATH\View\View.php(224): include('C:\\xampp\\htdocs\\RomeroFrancisco\\app\\Views\\components\\header.php')
 6 SYSTEMPATH\View\View.php(227): CodeIgniter\View\View->CodeIgniter\View\{closure}()
 7 SYSTEMPATH\Common.php(1173): CodeIgniter\View\View->render('components/header', [], true)
 8 APPPATH\Views\templates\layout.php(23): view('components/header')
 9 SYSTEMPATH\View\View.php(224): include('C:\\xampp\\htdocs\\RomeroFrancisco\\app\\Views\\templates\\layout.php')
10 SYSTEMPATH\View\View.php(227): CodeIgniter\View\View->CodeIgniter\View\{closure}()
11 SYSTEMPATH\Common.php(1173): CodeIgniter\View\View->render('templates/layout', [], true)
12 APPPATH\Controllers\Home.php(9): view('templates/layout', [...])
13 SYSTEMPATH\CodeIgniter.php(933): App\Controllers\Home->index()
14 SYSTEMPATH\CodeIgniter.php(507): CodeIgniter\CodeIgniter->runController(Object(App\Controllers\Home))
15 SYSTEMPATH\CodeIgniter.php(354): CodeIgniter\CodeIgniter->handleRequest(null, Object(Config\Cache), false)
16 SYSTEMPATH\Boot.php(334): CodeIgniter\CodeIgniter->run()
17 SYSTEMPATH\Boot.php(67): CodeIgniter\Boot::runCodeIgniter(Object(CodeIgniter\CodeIgniter))
18 FCPATH\index.php(56): CodeIgniter\Boot::bootWeb(Object(Config\Paths))
CRITICAL - 2025-06-19 14:46:23 --> [Caused by] mysqli_sql_exception: Unknown column 'respuesta' in 'where clause'
in SYSTEMPATH\Database\MySQLi\Connection.php on line 327.
 1 SYSTEMPATH\Database\MySQLi\Connection.php(327): mysqli->query('SELECT COUNT(*) AS `numrows`
FROM `consultas`
WHERE `correoElectronico` = \'clienteuno@gmail.com\'
AND `respuesta` IS NOT NULL AND `respuesta` != ""', 0)
 2 SYSTEMPATH\Database\BaseConnection.php(738): CodeIgniter\Database\MySQLi\Connection->execute('SELECT COUNT(*) AS `numrows`
FROM `consultas`
WHERE `correoElectronico` = \'clienteuno@gmail.com\'
AND `respuesta` IS NOT NULL AND `respuesta` != ""')
 3 SYSTEMPATH\Database\BaseConnection.php(652): CodeIgniter\Database\BaseConnection->simpleQuery('SELECT COUNT(*) AS `numrows`
FROM `consultas`
WHERE `correoElectronico` = \'clienteuno@gmail.com\'
AND `respuesta` IS NOT NULL AND `respuesta` != ""')
 4 SYSTEMPATH\Database\BaseBuilder.php(1733): CodeIgniter\Database\BaseConnection->query('SELECT COUNT(*) AS `numrows`
FROM `consultas`
WHERE `correoElectronico` = :correoElectronico:
AND `respuesta` IS NOT NULL AND `respuesta` != ""', [...], false)
 5 APPPATH\Views\components\header.php(44): CodeIgniter\Database\BaseBuilder->countAllResults()
 6 SYSTEMPATH\View\View.php(224): include('C:\\xampp\\htdocs\\RomeroFrancisco\\app\\Views\\components\\header.php')
 7 SYSTEMPATH\View\View.php(227): CodeIgniter\View\View->CodeIgniter\View\{closure}()
 8 SYSTEMPATH\Common.php(1173): CodeIgniter\View\View->render('components/header', [], true)
 9 APPPATH\Views\templates\layout.php(23): view('components/header')
10 SYSTEMPATH\View\View.php(224): include('C:\\xampp\\htdocs\\RomeroFrancisco\\app\\Views\\templates\\layout.php')
11 SYSTEMPATH\View\View.php(227): CodeIgniter\View\View->CodeIgniter\View\{closure}()
12 SYSTEMPATH\Common.php(1173): CodeIgniter\View\View->render('templates/layout', [], true)
13 APPPATH\Controllers\Home.php(9): view('templates/layout', [...])
14 SYSTEMPATH\CodeIgniter.php(933): App\Controllers\Home->index()
15 SYSTEMPATH\CodeIgniter.php(507): CodeIgniter\CodeIgniter->runController(Object(App\Controllers\Home))
16 SYSTEMPATH\CodeIgniter.php(354): CodeIgniter\CodeIgniter->handleRequest(null, Object(Config\Cache), false)
17 SYSTEMPATH\Boot.php(334): CodeIgniter\CodeIgniter->run()
18 SYSTEMPATH\Boot.php(67): CodeIgniter\Boot::runCodeIgniter(Object(CodeIgniter\CodeIgniter))
19 FCPATH\index.php(56): CodeIgniter\Boot::bootWeb(Object(Config\Paths))
DEBUG - 2025-06-19 14:49:39 --> Session: Class initialized using 'CodeIgniter\Session\Handlers\FileHandler' driver.
DEBUG - 2025-06-19 14:49:46 --> Session: Class initialized using 'CodeIgniter\Session\Handlers\FileHandler' driver.
DEBUG - 2025-06-19 15:06:59 --> Session: Class initialized using 'CodeIgniter\Session\Handlers\FileHandler' driver.
DEBUG - 2025-06-19 15:07:03 --> Session: Class initialized using 'CodeIgniter\Session\Handlers\FileHandler' driver.
DEBUG - 2025-06-19 15:07:05 --> Session: Class initialized using 'CodeIgniter\Session\Handlers\FileHandler' driver.
